<?xml version="1.0" encoding="UTF-8"?>
<!-- Generated by org.testng.reporters.JUnitXMLReporter -->
<testsuite ignored="0" hostname="TR7410" failures="0" tests="5" name="Test" time="2.64" errors="0" timestamp="2026-02-03T16:43:28 IST">
  <testcase classname="DemoRestassuredAPITest.DemoRestassuredAPITest.GetProfileRequestTest" name="fetchProfileTest" time="1.748"/>
  <testcase classname="DemoRestassuredAPITest.DemoRestassuredAPITest.ForgotPasswordTest" name="forgotPasswordTest" time="0.164"/>
  <testcase classname="DemoRestassuredAPITest.DemoRestassuredAPITest.UpdateProfileTest" name="patchProfileTest" time="0.362"/>
  <testcase classname="DemoRestassuredAPITest.DemoRestassuredAPITest.LoginAPITest" name="loginTest" time="0.181"/>
  <testcase classname="DemoRestassuredAPITest.DemoRestassuredAPITest.AccountCreationTest" name="createAccountTest" time="0.125"/>
</testsuite> <!-- Test -->
