<?xml version="1.0" encoding="UTF-8"?>
<testng-results ignored="0" total="5" passed="5" failed="0" skipped="0">
  <reporter-output>
  </reporter-output>
  <suite started-at="2026-02-03T16:43:26 IST" name="Suite" finished-at="2026-02-03T16:43:28 IST" duration-ms="2640">
    <groups>
    </groups>
    <test started-at="2026-02-03T16:43:26 IST" name="Test" finished-at="2026-02-03T16:43:28 IST" duration-ms="2640">
      <class name="DemoRestassuredAPITest.DemoRestassuredAPITest.AccountCreationTest">
        <test-method signature="createAccountTest()[pri:0, instance:DemoRestassuredAPITest.DemoRestassuredAPITest.AccountCreationTest@258e2e41]" started-at="2026-02-03T16:43:28 IST" name="createAccountTest" description="Verify if SignUp workflow is working" finished-at="2026-02-03T16:43:28 IST" duration-ms="125" status="PASS">
          <reporter-output>
          </reporter-output>
        </test-method> <!-- createAccountTest -->
      </class> <!-- DemoRestassuredAPITest.DemoRestassuredAPITest.AccountCreationTest -->
      <class name="DemoRestassuredAPITest.DemoRestassuredAPITest.ForgotPasswordTest">
        <test-method signature="forgotPasswordTest()[pri:0, instance:DemoRestassuredAPITest.DemoRestassuredAPITest.ForgotPasswordTest@7920ba90]" started-at="2026-02-03T16:43:27 IST" name="forgotPasswordTest" description="Verify if forgot Password is working" finished-at="2026-02-03T16:43:27 IST" duration-ms="164" status="PASS">
          <reporter-output>
          </reporter-output>
        </test-method> <!-- forgotPasswordTest -->
      </class> <!-- DemoRestassuredAPITest.DemoRestassuredAPITest.ForgotPasswordTest -->
      <class name="DemoRestassuredAPITest.DemoRestassuredAPITest.GetProfileRequestTest">
        <test-method signature="fetchProfileTest()[pri:0, instance:DemoRestassuredAPITest.DemoRestassuredAPITest.GetProfileRequestTest@4034c28c]" started-at="2026-02-03T16:43:26 IST" name="fetchProfileTest" description="Verify if user is able to fetch the profile" finished-at="2026-02-03T16:43:27 IST" duration-ms="1748" status="PASS">
          <reporter-output>
          </reporter-output>
        </test-method> <!-- fetchProfileTest -->
      </class> <!-- DemoRestassuredAPITest.DemoRestassuredAPITest.GetProfileRequestTest -->
      <class name="DemoRestassuredAPITest.DemoRestassuredAPITest.UpdateProfileTest">
        <test-method signature="patchProfileTest()[pri:0, instance:DemoRestassuredAPITest.DemoRestassuredAPITest.UpdateProfileTest@6b419da]" started-at="2026-02-03T16:43:27 IST" name="patchProfileTest" description="Verify if user is able to update the profile" finished-at="2026-02-03T16:43:28 IST" duration-ms="362" status="PASS">
          <reporter-output>
          </reporter-output>
        </test-method> <!-- patchProfileTest -->
      </class> <!-- DemoRestassuredAPITest.DemoRestassuredAPITest.UpdateProfileTest -->
      <class name="DemoRestassuredAPITest.DemoRestassuredAPITest.LoginAPITest">
        <test-method signature="loginTest()[pri:0, instance:DemoRestassuredAPITest.DemoRestassuredAPITest.LoginAPITest@5906ebcb]" started-at="2026-02-03T16:43:28 IST" name="loginTest" description="Verify if Login API is working" finished-at="2026-02-03T16:43:28 IST" duration-ms="181" status="PASS">
          <reporter-output>
          </reporter-output>
        </test-method> <!-- loginTest -->
      </class> <!-- DemoRestassuredAPITest.DemoRestassuredAPITest.LoginAPITest -->
    </test> <!-- Test -->
  </suite> <!-- Suite -->
</testng-results>
