<?xml version="1.0" encoding="UTF-8"?>
<testsuite xmlns:xsi="http://www.w3.org/2001/XMLSchema-instance" xsi:noNamespaceSchemaLocation="https://maven.apache.org/surefire/maven-surefire-plugin/xsd/surefire-test-report-3.0.xsd" version="3.0" name="TestSuite" time="3.668" tests="5" errors="0" skipped="0" failures="0">
  <properties>
[...]
</properties>
  <testcase name="fetchProfileTest" classname="DemoRestassuredAPITest.DemoRestassuredAPITest.GetProfileRequestTest" time="1.746">
    <system-out><![CDATA[16:43:26.071 [main] INFO  Listeners.TestListeners - Test Started: fetchProfileTest
16:43:27.075 [main] INFO  filters.LoggingFilter - BASE URI:http://64.227.160.186:8080
16:43:27.076 [main] INFO  filters.LoggingFilter - BASE Header:Accept=*/*
Content-Type=application/json
16:43:27.634 [main] INFO  filters.LoggingFilter - STATUS CODE:200
16:43:27.696 [main] INFO  filters.LoggingFilter - BASE URI:http://64.227.160.186:8080
16:43:27.696 [main] INFO  filters.LoggingFilter - BASE Header:Authorization=Bearer eyJhbGciOiJIUzI1NiJ9.eyJzdWIiOiJLb21hbHAiLCJpYXQiOjE3NzAxMTcyMDcsImV4cCI6MTc3MDEyMDgwN30.iMxJ16RlULYV6WmTnneVDVDbSHlP9nkVC0tvE6GfEhw
Accept=*/*
16:43:27.792 [main] INFO  filters.LoggingFilter - STATUS CODE:200
4058
Komalp
]]></system-out>
    <system-err><![CDATA[SLF4J: Failed to load class "org.slf4j.impl.StaticLoggerBinder".
SLF4J: Defaulting to no-operation (NOP) logger implementation
SLF4J: See http://www.slf4j.org/codes.html#StaticLoggerBinder for further details.
]]></system-err>
  </testcase>
  <testcase name="forgotPasswordTest" classname="DemoRestassuredAPITest.DemoRestassuredAPITest.ForgotPasswordTest" time="0.131">
    <system-out><![CDATA[16:43:27.814 [main] INFO  Listeners.TestListeners - Test Passed: fetchProfileTest
16:43:27.826 [main] INFO  Listeners.TestListeners - Test Started: forgotPasswordTest
16:43:27.842 [main] INFO  filters.LoggingFilter - BASE URI:http://64.227.160.186:8080
16:43:27.842 [main] INFO  filters.LoggingFilter - BASE Header:Accept=*/*
Content-Type=application/json
16:43:27.936 [main] INFO  filters.LoggingFilter - STATUS CODE:500
{
    "timestamp": "2026-02-03 11:13:27",
    "status": 500,
    "error": "System Error",
    "message": "An unexpected error occurred",
    "path": "uri=/api/auth/forgot-password",
    "solution": "Please try again later or contact support",
    "errorCode": "SYS_001"
}
]]></system-out>
  </testcase>
  <testcase name="patchProfileTest" classname="DemoRestassuredAPITest.DemoRestassuredAPITest.UpdateProfileTest" time="0.364">
    <system-out><![CDATA[16:43:27.990 [main] INFO  Listeners.TestListeners - Test Passed: forgotPasswordTest
16:43:27.991 [main] INFO  Listeners.TestListeners - Test Started: patchProfileTest
******************************************************************
LoginRequest [username=Komalp, password=koms123]
16:43:27.995 [main] INFO  filters.LoggingFilter - BASE URI:http://64.227.160.186:8080
16:43:27.995 [main] INFO  filters.LoggingFilter - BASE Header:Accept=*/*
Content-Type=application/json
16:43:28.153 [main] INFO  filters.LoggingFilter - STATUS CODE:200
******************************************************************
{
    "token": "eyJhbGciOiJIUzI1NiJ9.eyJzdWIiOiJLb21hbHAiLCJpYXQiOjE3NzAxMTcyMDgsImV4cCI6MTc3MDEyMDgwOH0.6UnCDR3YIkMCBsmfia14Zqi8KAWFmFO4Twk7rsOjKrI",
    "type": "Bearer",
    "id": 4058,
    "username": "Komalp",
    "email": "komalhpatil@gmail.com",
    "roles": [
        "ROLE_USER"
    ]
}
16:43:28.172 [main] INFO  filters.LoggingFilter - BASE URI:http://64.227.160.186:8080
16:43:28.173 [main] INFO  filters.LoggingFilter - BASE Header:Authorization=Bearer eyJhbGciOiJIUzI1NiJ9.eyJzdWIiOiJLb21hbHAiLCJpYXQiOjE3NzAxMTcyMDgsImV4cCI6MTc3MDEyMDgwOH0.6UnCDR3YIkMCBsmfia14Zqi8KAWFmFO4Twk7rsOjKrI
Accept=*/*
16:43:28.252 [main] INFO  filters.LoggingFilter - STATUS CODE:200
{
    "id": 4058,
    "username": "Komalp",
    "email": "komalhpatil@gmail.com",
    "firstName": "Komal",
    "lastName": "Patil",
    "mobileNumber": "1111111111"
}
4058
Komalp
******************************************************************
16:43:28.264 [main] INFO  filters.LoggingFilter - BASE URI:http://64.227.160.186:8080
16:43:28.264 [main] INFO  filters.LoggingFilter - BASE Header:Authorization=Bearer eyJhbGciOiJIUzI1NiJ9.eyJzdWIiOiJLb21hbHAiLCJpYXQiOjE3NzAxMTcyMDgsImV4cCI6MTc3MDEyMDgwOH0.6UnCDR3YIkMCBsmfia14Zqi8KAWFmFO4Twk7rsOjKrI
Accept=*/*
Authorization=Bearer eyJhbGciOiJIUzI1NiJ9.eyJzdWIiOiJLb21hbHAiLCJpYXQiOjE3NzAxMTcyMDgsImV4cCI6MTc3MDEyMDgwOH0.6UnCDR3YIkMCBsmfia14Zqi8KAWFmFO4Twk7rsOjKrI
Content-Type=application/json
16:43:28.351 [main] INFO  filters.LoggingFilter - STATUS CODE:500
{
    "timestamp": "2026-02-03 11:13:28",
    "status": 500,
    "error": "System Error",
    "message": "An unexpected error occurred",
    "path": "uri=/api/users/profile",
    "solution": "Please try again later or contact support",
    "errorCode": "SYS_001"
}
]]></system-out>
  </testcase>
  <testcase name="loginTest" classname="DemoRestassuredAPITest.DemoRestassuredAPITest.LoginAPITest" time="0.177">
    <system-out><![CDATA[16:43:28.354 [main] INFO  Listeners.TestListeners - Test Passed: patchProfileTest
16:43:28.355 [main] INFO  Listeners.TestListeners - Test Started: loginTest
16:43:28.363 [main] INFO  filters.LoggingFilter - BASE URI:http://64.227.160.186:8080
16:43:28.364 [main] INFO  filters.LoggingFilter - BASE Header:Accept=*/*
Content-Type=application/json
16:43:28.528 [main] INFO  filters.LoggingFilter - STATUS CODE:200
]]></system-out>
  </testcase>
  <testcase name="createAccountTest" classname="DemoRestassuredAPITest.DemoRestassuredAPITest.AccountCreationTest" time="0.121">
    <system-out><![CDATA[16:43:28.537 [main] INFO  Listeners.TestListeners - Test Passed: loginTest
16:43:28.540 [main] INFO  Listeners.TestListeners - Test Started: createAccountTest
16:43:28.551 [main] INFO  filters.LoggingFilter - BASE URI:http://64.227.160.186:8080
16:43:28.552 [main] INFO  filters.LoggingFilter - BASE Header:Accept=*/*
Content-Type=application/json
16:43:28.624 [main] INFO  filters.LoggingFilter - STATUS CODE:400
]]></system-out>
  </testcase>
</testsuite>