<?xml version="1.0" encoding="UTF-8"?>
<!-- Generated by org.testng.reporters.JUnitReportReporter -->
<testsuite hostname="TR7410" failures="0" tests="1" name="DemoRestassuredAPITest.DemoRestassuredAPITest.GetProfileRequestTest" time="1.748" errors="0" timestamp="2026-02-03T16:43:28 IST" skipped="0">
  <testcase classname="DemoRestassuredAPITest.DemoRestassuredAPITest.GetProfileRequestTest" name="fetchProfileTest" time="1.748"/>
</testsuite> <!-- DemoRestassuredAPITest.DemoRestassuredAPITest.GetProfileRequestTest -->
