<?xml version="1.0" encoding="UTF-8"?>
<!-- Generated by org.testng.reporters.JUnitReportReporter -->
<testsuite hostname="TR7410" failures="0" tests="1" name="DemoRestassuredAPITest.DemoRestassuredAPITest.AccountCreationTest" time="0.125" errors="0" timestamp="2026-02-03T16:43:28 IST" skipped="0">
  <testcase classname="DemoRestassuredAPITest.DemoRestassuredAPITest.AccountCreationTest" name="createAccountTest" time="0.125"/>
</testsuite> <!-- DemoRestassuredAPITest.DemoRestassuredAPITest.AccountCreationTest -->
