<?xml version="1.0" encoding="UTF-8"?>
<!-- Generated by org.testng.reporters.JUnitReportReporter -->
<testsuite hostname="TR7410" failures="0" tests="1" name="DemoRestassuredAPITest.DemoRestassuredAPITest.ForgotPasswordTest" time="0.164" errors="0" timestamp="2026-02-03T16:43:28 IST" skipped="0">
  <testcase classname="DemoRestassuredAPITest.DemoRestassuredAPITest.ForgotPasswordTest" name="forgotPasswordTest" time="0.164"/>
</testsuite> <!-- DemoRestassuredAPITest.DemoRestassuredAPITest.ForgotPasswordTest -->
